Electro gun/Temp/gradleOut/launcher/build/intermediates/manifest_merge_blame_file/release/manifest-merger-blame-release-report.txt
1<?xml version="1.0" encoding="utf-8"?>
2<!-- GENERATED BY UNITY. REMOVE THIS COMMENT TO PREVENT OVERWRITING WHEN EXPORTING AGAIN -->
3<manifest xmlns:android="http://schemas.android.com/apk/res/android"
4    package="com.DefaultCompany.Electro"
5    android:installLocation="auto"
6    android:versionCode="1"
7    android:versionName="0.1" >
8
9    <uses-sdk
10        android:minSdkVersion="23"
10-->src\main\AndroidManifest.xml
11        android:targetSdkVersion="29" />
11-->src\main\AndroidManifest.xml
12
13    <supports-screens
13-->src\main\AndroidManifest.xml:4:3-163
14        android:anyDensity="true"
14-->src\main\AndroidManifest.xml:4:135-160
15        android:largeScreens="true"
15-->src\main\AndroidManifest.xml:4:78-105
16        android:normalScreens="true"
16-->src\main\AndroidManifest.xml:4:49-77
17        android:smallScreens="true"
17-->src\main\AndroidManifest.xml:4:21-48
18        android:xlargeScreens="true" />
18-->src\main\AndroidManifest.xml:4:106-134
19
20    <uses-feature android:glEsVersion="0x00020000" />
20-->[:unityLibrary] AndroidManifest.xml:14:5-54
20-->[:unityLibrary] AndroidManifest.xml:14:19-51
21    <uses-feature android:name="android.hardware.vulkan.version" />
21-->[:unityLibrary] AndroidManifest.xml:15:5-68
21-->[:unityLibrary] AndroidManifest.xml:15:19-65
22
23    <supports-gl-texture android:name="GL_KHR_texture_compression_astc_ldr" />
23-->[:unityLibrary] AndroidManifest.xml:17:5-79
23-->[:unityLibrary] AndroidManifest.xml:17:26-76
24
25    <uses-permission android:name="android.permission.INTERNET" />
25-->[:unityLibrary] AndroidManifest.xml:19:5-67
25-->[:unityLibrary] AndroidManifest.xml:19:22-64
26
27    <uses-feature
27-->[:unityLibrary] AndroidManifest.xml:21:5-23:36
28        android:name="android.hardware.touchscreen"
28-->[:unityLibrary] AndroidManifest.xml:22:9-52
29        android:required="false" />
29-->[:unityLibrary] AndroidManifest.xml:23:9-33
30    <uses-feature
30-->[:unityLibrary] AndroidManifest.xml:24:5-26:36
31        android:name="android.hardware.touchscreen.multitouch"
31-->[:unityLibrary] AndroidManifest.xml:25:9-63
32        android:required="false" />
32-->[:unityLibrary] AndroidManifest.xml:26:9-33
33    <uses-feature
33-->[:unityLibrary] AndroidManifest.xml:27:5-29:36
34        android:name="android.hardware.touchscreen.multitouch.distinct"
34-->[:unityLibrary] AndroidManifest.xml:28:9-72
35        android:required="false" />
35-->[:unityLibrary] AndroidManifest.xml:29:9-33
36    <uses-feature
36-->[:unityLibrary] AndroidManifest.xml:30:5-33:31
37        android:name="android.hardware.vr.headtracking"
37-->[:unityLibrary] AndroidManifest.xml:31:9-56
38        android:required="true"
38-->[:unityLibrary] AndroidManifest.xml:32:9-32
39        android:version="1" />
39-->[:unityLibrary] AndroidManifest.xml:33:9-28
40
41    <application
41-->src\main\AndroidManifest.xml:5:3-116
42        android:allowBackup="false"
42-->[:unityLibrary] AndroidManifest.xml:36:9-36
43        android:extractNativeLibs="true"
43-->src\main\AndroidManifest.xml:5:16-48
44        android:icon="@mipmap/app_icon"
44-->src\main\AndroidManifest.xml:5:82-113
45        android:label="@string/app_name"
45-->src\main\AndroidManifest.xml:5:49-81
46        android:networkSecurityConfig="@xml/network_sec_config" >
46-->[:unityLibrary] AndroidManifest.xml:39:9-64
47        <activity
47-->[:unityLibrary] AndroidManifest.xml:40:9-64:20
48            android:name="com.unity3d.player.UnityPlayerActivity"
48-->[:unityLibrary] AndroidManifest.xml:41:13-66
49            android:configChanges="keyboard|keyboardHidden|navigation|orientation|screenLayout|screenSize|uiMode"
49-->[:unityLibrary] AndroidManifest.xml:42:13-114
50            android:hardwareAccelerated="false"
50-->[:unityLibrary] AndroidManifest.xml:43:13-48
51            android:launchMode="singleTask"
51-->[:unityLibrary] AndroidManifest.xml:44:13-44
52            android:resizeableActivity="false"
52-->[:unityLibrary] AndroidManifest.xml:45:13-47
53            android:screenOrientation="landscape"
53-->[:unityLibrary] AndroidManifest.xml:46:13-50
54            android:theme="@android:style/Theme.Black.NoTitleBar.Fullscreen" >
54-->[:unityLibrary] AndroidManifest.xml:47:13-77
55            <intent-filter>
55-->[:unityLibrary] AndroidManifest.xml:48:13-53:29
56                <action android:name="android.intent.action.MAIN" />
56-->[:unityLibrary] AndroidManifest.xml:49:17-69
56-->[:unityLibrary] AndroidManifest.xml:49:25-66
57
58                <category android:name="android.intent.category.LAUNCHER" />
58-->[:unityLibrary] AndroidManifest.xml:51:17-77
58-->[:unityLibrary] AndroidManifest.xml:51:27-74
59                <category android:name="com.oculus.intent.category.VR" />
59-->[:unityLibrary] AndroidManifest.xml:52:17-74
59-->[:unityLibrary] AndroidManifest.xml:52:27-71
60            </intent-filter>
61
62            <meta-data
62-->[:unityLibrary] AndroidManifest.xml:55:13-57:40
63                android:name="unityplayer.UnityActivity"
63-->[:unityLibrary] AndroidManifest.xml:56:17-57
64                android:value="true" />
64-->[:unityLibrary] AndroidManifest.xml:57:17-37
65            <meta-data
65-->[:unityLibrary] AndroidManifest.xml:58:13-60:40
66                android:name="android.notch_support"
66-->[:unityLibrary] AndroidManifest.xml:59:17-53
67                android:value="true" />
67-->[:unityLibrary] AndroidManifest.xml:60:17-37
68            <meta-data
68-->[:unityLibrary] AndroidManifest.xml:61:13-63:40
69                android:name="com.oculus.vr.focusaware"
69-->[:unityLibrary] AndroidManifest.xml:62:17-56
70                android:value="true" />
70-->[:unityLibrary] AndroidManifest.xml:63:17-37
71        </activity>
72
73        <meta-data
73-->[:unityLibrary] AndroidManifest.xml:66:9-68:33
74            android:name="unity.splash-mode"
74-->[:unityLibrary] AndroidManifest.xml:67:13-45
75            android:value="0" />
75-->[:unityLibrary] AndroidManifest.xml:68:13-30
76        <meta-data
76-->[:unityLibrary] AndroidManifest.xml:69:9-71:36
77            android:name="unity.splash-enable"
77-->[:unityLibrary] AndroidManifest.xml:70:13-47
78            android:value="True" />
78-->[:unityLibrary] AndroidManifest.xml:71:13-33
79        <meta-data
79-->[:unityLibrary] AndroidManifest.xml:72:9-74:37
80            android:name="unity.allow-resizable-window"
80-->[:unityLibrary] AndroidManifest.xml:73:13-56
81            android:value="False" />
81-->[:unityLibrary] AndroidManifest.xml:74:13-34
82        <meta-data
82-->[:unityLibrary] AndroidManifest.xml:75:9-77:50
83            android:name="notch.config"
83-->[:unityLibrary] AndroidManifest.xml:76:13-40
84            android:value="portrait|landscape" />
84-->[:unityLibrary] AndroidManifest.xml:77:13-47
85        <meta-data
85-->[:unityLibrary] AndroidManifest.xml:78:9-80:68
86            android:name="unity.build-id"
86-->[:unityLibrary] AndroidManifest.xml:79:13-42
87            android:value="c45f84ba-cf49-45b6-9126-f45333958f05" />
87-->[:unityLibrary] AndroidManifest.xml:80:13-65
88        <meta-data
88-->[:unityLibrary] AndroidManifest.xml:81:9-83:39
89            android:name="com.samsung.android.vr.application.mode"
89-->[:unityLibrary] AndroidManifest.xml:82:13-67
90            android:value="vr_only" />
90-->[:unityLibrary] AndroidManifest.xml:83:13-36
91        <meta-data
91-->[:unityLibrary] AndroidManifest.xml:84:9-86:37
92            android:name="com.unity.xr.oculus.LowOverheadMode"
92-->[:unityLibrary] AndroidManifest.xml:85:13-63
93            android:value="false" />
93-->[:unityLibrary] AndroidManifest.xml:86:13-34
94        <meta-data
94-->[:unityLibrary] AndroidManifest.xml:87:9-89:44
95            android:name="com.oculus.supportedDevices"
95-->[:unityLibrary] AndroidManifest.xml:88:13-55
96            android:value="quest|quest2" />
96-->[:unityLibrary] AndroidManifest.xml:89:13-41
97    </application>
98
99</manifest>